nohup: ignoring input
[2026-04-24 07:29:44 +0000] [3412695] [INFO] Starting gunicorn 25.3.0
[2026-04-24 07:29:44 +0000] [3412695] [INFO] Listening at: http://0.0.0.0:5000 (3412695)
[2026-04-24 07:29:44 +0000] [3412695] [INFO] Using worker: sync
[2026-04-24 07:29:44 +0000] [3412696] [INFO] Booting worker with pid: 3412696
[2026-04-24 07:29:44 +0000] [3412697] [INFO] Booting worker with pid: 3412697
[2026-04-24 07:29:44 +0000] [3412696] [ERROR] Exception in worker process
Traceback (most recent call last):
  File "/usr/local/lib/python3.10/dist-packages/gunicorn/arbiter.py", line 713, in spawn_worker
    worker.init_process()
  File "/usr/local/lib/python3.10/dist-packages/gunicorn/workers/base.py", line 136, in init_process
    self.load_wsgi()
  File "/usr/local/lib/python3.10/dist-packages/gunicorn/workers/base.py", line 148, in load_wsgi
    self.wsgi = self.app.wsgi()
  File "/usr/local/lib/python3.10/dist-packages/gunicorn/app/base.py", line 66, in wsgi
    self.callable = self.load()
  File "/usr/local/lib/python3.10/dist-packages/gunicorn/app/wsgiapp.py", line 57, in load
    return self.load_wsgiapp()
  File "/usr/local/lib/python3.10/dist-packages/gunicorn/app/wsgiapp.py", line 47, in load_wsgiapp
    return util.import_app(self.app_uri)
  File "/usr/local/lib/python3.10/dist-packages/gunicorn/util.py", line 377, in import_app
    mod = importlib.import_module(module)
  File "/usr/lib/python3.10/importlib/__init__.py", line 126, in import_module
    return _bootstrap._gcd_import(name[level:], package, level)
  File "<frozen importlib._bootstrap>", line 1050, in _gcd_import
  File "<frozen importlib._bootstrap>", line 1027, in _find_and_load
  File "<frozen importlib._bootstrap>", line 1006, in _find_and_load_unlocked
  File "<frozen importlib._bootstrap>", line 688, in _load_unlocked
  File "<frozen importlib._bootstrap_external>", line 883, in exec_module
  File "<frozen importlib._bootstrap>", line 241, in _call_with_frames_removed
  File "/home/ubuntu/alokpms/backend/app.py", line 3, in <module>
    from dotenv import load_dotenv
ModuleNotFoundError: No module named 'dotenv'
No module named 'dotenv'
[2026-04-24 07:29:44 +0000] [3412696] [INFO] Worker exiting (pid: 3412696)
[2026-04-24 07:29:44 +0000] [3412697] [ERROR] Exception in worker process
Traceback (most recent call last):
  File "/usr/local/lib/python3.10/dist-packages/gunicorn/arbiter.py", line 713, in spawn_worker
    worker.init_process()
  File "/usr/local/lib/python3.10/dist-packages/gunicorn/workers/base.py", line 136, in init_process
    self.load_wsgi()
  File "/usr/local/lib/python3.10/dist-packages/gunicorn/workers/base.py", line 148, in load_wsgi
    self.wsgi = self.app.wsgi()
  File "/usr/local/lib/python3.10/dist-packages/gunicorn/app/base.py", line 66, in wsgi
    self.callable = self.load()
  File "/usr/local/lib/python3.10/dist-packages/gunicorn/app/wsgiapp.py", line 57, in load
    return self.load_wsgiapp()
  File "/usr/local/lib/python3.10/dist-packages/gunicorn/app/wsgiapp.py", line 47, in load_wsgiapp
    return util.import_app(self.app_uri)
  File "/usr/local/lib/python3.10/dist-packages/gunicorn/util.py", line 377, in import_app
    mod = importlib.import_module(module)
  File "/usr/lib/python3.10/importlib/__init__.py", line 126, in import_module
    return _bootstrap._gcd_import(name[level:], package, level)
  File "<frozen importlib._bootstrap>", line 1050, in _gcd_import
  File "<frozen importlib._bootstrap>", line 1027, in _find_and_load
  File "<frozen importlib._bootstrap>", line 1006, in _find_and_load_unlocked
  File "<frozen importlib._bootstrap>", line 688, in _load_unlocked
  File "<frozen importlib._bootstrap_external>", line 883, in exec_module
  File "<frozen importlib._bootstrap>", line 241, in _call_with_frames_removed
  File "/home/ubuntu/alokpms/backend/app.py", line 3, in <module>
    from dotenv import load_dotenv
ModuleNotFoundError: No module named 'dotenv'
No module named 'dotenv'
[2026-04-24 07:29:44 +0000] [3412697] [INFO] Worker exiting (pid: 3412697)
[2026-04-24 07:29:44 +0000] [3412695] [ERROR] Worker (pid:3412696) exited with code 3.
[2026-04-24 07:29:44 +0000] [3412695] [INFO] Control socket listening at /run/user/0/gunicorn.ctl
[2026-04-24 07:29:46 +0000] [3412695] [ERROR] Worker (pid:3412697) exited with code 3.
Traceback (most recent call last):
  File "/usr/local/lib/python3.10/dist-packages/gunicorn/arbiter.py", line 246, in run
    handler()
  File "/usr/local/lib/python3.10/dist-packages/gunicorn/arbiter.py", line 271, in handle_chld
    self.reap_workers()
  File "/usr/local/lib/python3.10/dist-packages/gunicorn/arbiter.py", line 641, in reap_workers
    raise HaltServer(reason, self.WORKER_BOOT_ERROR)
gunicorn.errors.HaltServer: <HaltServer 'Worker failed to boot.' 3>

During handling of the above exception, another exception occurred:

Traceback (most recent call last):
  File "/usr/local/bin/gunicorn", line 8, in <module>
    sys.exit(run())
  File "/usr/local/lib/python3.10/dist-packages/gunicorn/app/wsgiapp.py", line 66, in run
    WSGIApplication("%(prog)s [OPTIONS] [APP_MODULE]", prog=prog).run()
  File "/usr/local/lib/python3.10/dist-packages/gunicorn/app/base.py", line 235, in run
    super().run()
  File "/usr/local/lib/python3.10/dist-packages/gunicorn/app/base.py", line 71, in run
    Arbiter(self).run()
  File "/usr/local/lib/python3.10/dist-packages/gunicorn/arbiter.py", line 254, in run
    self.halt(reason=inst.reason, exit_status=inst.exit_status)
  File "/usr/local/lib/python3.10/dist-packages/gunicorn/arbiter.py", line 378, in halt
    self.stop()
  File "/usr/local/lib/python3.10/dist-packages/gunicorn/arbiter.py", line 458, in stop
    self.reap_workers()
  File "/usr/local/lib/python3.10/dist-packages/gunicorn/arbiter.py", line 641, in reap_workers
    raise HaltServer(reason, self.WORKER_BOOT_ERROR)
gunicorn.errors.HaltServer: <HaltServer 'Worker failed to boot.' 3>
